<?xml version="1.0" encoding="UTF-8"?>
<!-- Generated by org.testng.reporters.JUnitReportReporter -->
<testsuite hostname="DESKTOP-27T4LIS" failures="0" tests="1" name="in.todo.tests.ToDoHomePageTests" time="37.653" errors="0" timestamp="2023-09-24T17:21:18 GMT-04:00" skipped="0">
  <testcase classname="in.todo.tests.ToDoHomePageTests" name="toDoHomePageCases" time="37.653"/>
  <system-out/>
</testsuite> <!-- in.todo.tests.ToDoHomePageTests -->
